2023-03-07 10:33:39.347  INFO 18920 --- [main] com.yash.ems.PocTaskApplication          : Starting PocTaskApplication using Java 17.0.4 on YPH1016559LT with PID 18920 (C:\Users\bhosale.amol\Desktop\feedback_module\poc_task\target\classes started by bhosale.amol in C:\Users\bhosale.amol\Desktop\feedback_module\poc_task)
2023-03-07 10:33:39.365  INFO 18920 --- [main] com.yash.ems.PocTaskApplication          : No active profile set, falling back to 1 default profile: "default"
2023-03-07 10:33:40.820  INFO 18920 --- [main] .s.d.r.c.RepositoryConfigurationDelegate : Bootstrapping Spring Data JPA repositories in DEFAULT mode.
2023-03-07 10:33:40.961  INFO 18920 --- [main] .s.d.r.c.RepositoryConfigurationDelegate : Finished Spring Data repository scanning in 116 ms. Found 1 JPA repository interfaces.
2023-03-07 10:33:42.099  INFO 18920 --- [main] o.s.b.w.embedded.tomcat.TomcatWebServer  : Tomcat initialized with port(s): 8080 (http)
2023-03-07 10:33:42.122  INFO 18920 --- [main] o.apache.catalina.core.StandardService   : Starting service [Tomcat]
2023-03-07 10:33:42.122  INFO 18920 --- [main] org.apache.catalina.core.StandardEngine  : Starting Servlet engine: [Apache Tomcat/9.0.71]
2023-03-07 10:33:42.510  INFO 18920 --- [main] o.a.c.c.C.[.[localhost].[/poc_feedback]  : Initializing Spring embedded WebApplicationContext
2023-03-07 10:33:42.510  INFO 18920 --- [main] w.s.c.ServletWebServerApplicationContext : Root WebApplicationContext: initialization completed in 3058 ms
2023-03-07 10:33:42.906  INFO 18920 --- [main] o.hibernate.jpa.internal.util.LogHelper  : HHH000204: Processing PersistenceUnitInfo [name: default]
2023-03-07 10:33:43.053  INFO 18920 --- [main] org.hibernate.Version                    : HHH000412: Hibernate ORM core version 5.6.15.Final
2023-03-07 10:33:43.483  INFO 18920 --- [main] o.hibernate.annotations.common.Version   : HCANN000001: Hibernate Commons Annotations {5.1.2.Final}
2023-03-07 10:33:43.753  INFO 18920 --- [main] com.zaxxer.hikari.HikariDataSource       : HikariPool-1 - Starting...
2023-03-07 10:33:44.471  INFO 18920 --- [main] com.zaxxer.hikari.HikariDataSource       : HikariPool-1 - Start completed.
2023-03-07 10:33:44.516  INFO 18920 --- [main] org.hibernate.dialect.Dialect            : HHH000400: Using dialect: org.hibernate.dialect.MySQL5InnoDBDialect
2023-03-07 10:33:46.476  INFO 18920 --- [main] o.h.e.t.j.p.i.JtaPlatformInitiator       : HHH000490: Using JtaPlatform implementation: [org.hibernate.engine.transaction.jta.platform.internal.NoJtaPlatform]
2023-03-07 10:33:46.501  INFO 18920 --- [main] j.LocalContainerEntityManagerFactoryBean : Initialized JPA EntityManagerFactory for persistence unit 'default'
2023-03-07 10:33:47.499  WARN 18920 --- [main] JpaBaseConfiguration$JpaWebConfiguration : spring.jpa.open-in-view is enabled by default. Therefore, database queries may be performed during view rendering. Explicitly configure spring.jpa.open-in-view to disable this warning
2023-03-07 10:33:47.813  INFO 18920 --- [main] pertySourcedRequestMappingHandlerMapping : Mapped URL path [/v2/api-docs] onto method [springfox.documentation.swagger2.web.Swagger2Controller#getDocumentation(String, HttpServletRequest)]
2023-03-07 10:33:48.486  INFO 18920 --- [main] o.s.b.w.embedded.tomcat.TomcatWebServer  : Tomcat started on port(s): 8080 (http) with context path '/poc_feedback'
2023-03-07 10:33:48.487  INFO 18920 --- [main] d.s.w.p.DocumentationPluginsBootstrapper : Context refreshed
2023-03-07 10:33:48.519  INFO 18920 --- [main] d.s.w.p.DocumentationPluginsBootstrapper : Found 1 custom documentation plugin(s)
2023-03-07 10:33:48.561  INFO 18920 --- [main] s.d.s.w.s.ApiListingReferenceScanner     : Scanning for api listing references
2023-03-07 10:33:48.913  INFO 18920 --- [main] com.yash.ems.PocTaskApplication          : Started PocTaskApplication in 10.251 seconds (JVM running for 11.686)
2023-03-07 13:55:18.591  WARN 18920 --- [HikariPool-1 housekeeper] com.zaxxer.hikari.pool.HikariPool        : HikariPool-1 - Thread starvation or clock leap detected (housekeeper delta=1h3m33s270ms233µs900ns).
2023-03-07 14:21:20.045  INFO 18920 --- [RMI TCP Connection(170)-127.0.0.1] inMXBeanRegistrar$SpringApplicationAdmin : Application shutdown requested.
2023-03-07 14:21:20.972  INFO 18920 --- [RMI TCP Connection(170)-127.0.0.1] o.apache.catalina.core.StandardService   : Stopping service [Tomcat]
2023-03-07 14:21:21.392  INFO 18920 --- [RMI TCP Connection(170)-127.0.0.1] j.LocalContainerEntityManagerFactoryBean : Closing JPA EntityManagerFactory for persistence unit 'default'
2023-03-07 14:21:21.509  INFO 18920 --- [RMI TCP Connection(170)-127.0.0.1] com.zaxxer.hikari.HikariDataSource       : HikariPool-1 - Shutdown initiated...
2023-03-07 14:21:21.708  INFO 18920 --- [RMI TCP Connection(170)-127.0.0.1] com.zaxxer.hikari.HikariDataSource       : HikariPool-1 - Shutdown completed.
2023-03-07 14:21:29.888  INFO 13720 --- [main] com.yash.ems.PocTaskApplication          : Starting PocTaskApplication using Java 17.0.4 on YPH1016559LT with PID 13720 (C:\Users\bhosale.amol\Desktop\feedback_module\poc_task\target\classes started by bhosale.amol in C:\Users\bhosale.amol\Desktop\feedback_module\poc_task)
2023-03-07 14:21:29.892  INFO 13720 --- [main] com.yash.ems.PocTaskApplication          : No active profile set, falling back to 1 default profile: "default"
2023-03-07 14:21:31.243  INFO 13720 --- [main] .s.d.r.c.RepositoryConfigurationDelegate : Bootstrapping Spring Data JPA repositories in DEFAULT mode.
2023-03-07 14:21:31.353  INFO 13720 --- [main] .s.d.r.c.RepositoryConfigurationDelegate : Finished Spring Data repository scanning in 92 ms. Found 2 JPA repository interfaces.
2023-03-07 14:21:32.336  INFO 13720 --- [main] o.s.b.w.embedded.tomcat.TomcatWebServer  : Tomcat initialized with port(s): 8080 (http)
2023-03-07 14:21:32.355  INFO 13720 --- [main] o.apache.catalina.core.StandardService   : Starting service [Tomcat]
2023-03-07 14:21:32.356  INFO 13720 --- [main] org.apache.catalina.core.StandardEngine  : Starting Servlet engine: [Apache Tomcat/9.0.71]
2023-03-07 14:21:32.649  INFO 13720 --- [main] o.a.c.c.C.[.[localhost].[/poc_feedback]  : Initializing Spring embedded WebApplicationContext
2023-03-07 14:21:32.649  INFO 13720 --- [main] w.s.c.ServletWebServerApplicationContext : Root WebApplicationContext: initialization completed in 2687 ms
2023-03-07 14:21:32.905  INFO 13720 --- [main] o.hibernate.jpa.internal.util.LogHelper  : HHH000204: Processing PersistenceUnitInfo [name: default]
2023-03-07 14:21:33.029  INFO 13720 --- [main] org.hibernate.Version                    : HHH000412: Hibernate ORM core version 5.6.15.Final
2023-03-07 14:21:33.306  INFO 13720 --- [main] o.hibernate.annotations.common.Version   : HCANN000001: Hibernate Commons Annotations {5.1.2.Final}
2023-03-07 14:21:33.478  INFO 13720 --- [main] com.zaxxer.hikari.HikariDataSource       : HikariPool-1 - Starting...
2023-03-07 14:21:34.030  INFO 13720 --- [main] com.zaxxer.hikari.HikariDataSource       : HikariPool-1 - Start completed.
2023-03-07 14:21:34.068  INFO 13720 --- [main] org.hibernate.dialect.Dialect            : HHH000400: Using dialect: org.hibernate.dialect.MySQL5InnoDBDialect
2023-03-07 14:21:35.641  INFO 13720 --- [main] o.h.e.t.j.p.i.JtaPlatformInitiator       : HHH000490: Using JtaPlatform implementation: [org.hibernate.engine.transaction.jta.platform.internal.NoJtaPlatform]
2023-03-07 14:21:35.663  INFO 13720 --- [main] j.LocalContainerEntityManagerFactoryBean : Initialized JPA EntityManagerFactory for persistence unit 'default'
2023-03-07 14:21:36.337  WARN 13720 --- [main] JpaBaseConfiguration$JpaWebConfiguration : spring.jpa.open-in-view is enabled by default. Therefore, database queries may be performed during view rendering. Explicitly configure spring.jpa.open-in-view to disable this warning
2023-03-07 14:21:36.509  INFO 13720 --- [main] pertySourcedRequestMappingHandlerMapping : Mapped URL path [/v2/api-docs] onto method [springfox.documentation.swagger2.web.Swagger2Controller#getDocumentation(String, HttpServletRequest)]
2023-03-07 14:21:36.916  INFO 13720 --- [main] o.s.b.w.embedded.tomcat.TomcatWebServer  : Tomcat started on port(s): 8080 (http) with context path '/poc_feedback'
2023-03-07 14:21:36.918  INFO 13720 --- [main] d.s.w.p.DocumentationPluginsBootstrapper : Context refreshed
2023-03-07 14:21:36.954  INFO 13720 --- [main] d.s.w.p.DocumentationPluginsBootstrapper : Found 1 custom documentation plugin(s)
2023-03-07 14:21:37.000  INFO 13720 --- [main] s.d.s.w.s.ApiListingReferenceScanner     : Scanning for api listing references
2023-03-07 14:21:37.213  INFO 13720 --- [main] com.yash.ems.PocTaskApplication          : Started PocTaskApplication in 8.009 seconds (JVM running for 9.361)
2023-03-07 14:52:54.688  WARN 13720 --- [HikariPool-1 housekeeper] com.zaxxer.hikari.pool.HikariPool        : HikariPool-1 - Thread starvation or clock leap detected (housekeeper delta=17m50s324ms671µs300ns).
2023-03-07 15:00:24.934  INFO 13720 --- [RMI TCP Connection(27)-127.0.0.1] inMXBeanRegistrar$SpringApplicationAdmin : Application shutdown requested.
2023-03-07 15:00:25.048  INFO 13720 --- [RMI TCP Connection(27)-127.0.0.1] o.apache.catalina.core.StandardService   : Stopping service [Tomcat]
2023-03-07 15:00:25.113  INFO 13720 --- [RMI TCP Connection(27)-127.0.0.1] j.LocalContainerEntityManagerFactoryBean : Closing JPA EntityManagerFactory for persistence unit 'default'
2023-03-07 15:00:25.134  INFO 13720 --- [RMI TCP Connection(27)-127.0.0.1] com.zaxxer.hikari.HikariDataSource       : HikariPool-1 - Shutdown initiated...
2023-03-07 15:00:25.154  INFO 13720 --- [RMI TCP Connection(27)-127.0.0.1] com.zaxxer.hikari.HikariDataSource       : HikariPool-1 - Shutdown completed.
