2023-03-03 10:26:34.374  INFO 41340 --- [main] com.yash.ems.PocTaskApplication          : Starting PocTaskApplication using Java 15 on YB1016483LT with PID 41340 (D:\developers\EMS\feedback-backend\target\classes started by sadav.khan in D:\developers\EMS\feedback-backend)
2023-03-03 10:26:34.378  INFO 41340 --- [main] com.yash.ems.PocTaskApplication          : No active profile set, falling back to 1 default profile: "default"
2023-03-03 10:26:35.252  INFO 41340 --- [main] .s.d.r.c.RepositoryConfigurationDelegate : Bootstrapping Spring Data JPA repositories in DEFAULT mode.
2023-03-03 10:26:35.431  INFO 41340 --- [main] .s.d.r.c.RepositoryConfigurationDelegate : Finished Spring Data repository scanning in 168 ms. Found 1 JPA repository interfaces.
2023-03-03 10:26:36.032  INFO 41340 --- [main] o.s.b.w.embedded.tomcat.TomcatWebServer  : Tomcat initialized with port(s): 8080 (http)
2023-03-03 10:26:36.045  INFO 41340 --- [main] o.apache.catalina.core.StandardService   : Starting service [Tomcat]
2023-03-03 10:26:36.045  INFO 41340 --- [main] org.apache.catalina.core.StandardEngine  : Starting Servlet engine: [Apache Tomcat/9.0.71]
2023-03-03 10:26:36.360  INFO 41340 --- [main] o.a.c.c.C.[Tomcat].[localhost].[/]       : Initializing Spring embedded WebApplicationContext
2023-03-03 10:26:36.360  INFO 41340 --- [main] w.s.c.ServletWebServerApplicationContext : Root WebApplicationContext: initialization completed in 1913 ms
2023-03-03 10:26:36.662  INFO 41340 --- [main] o.hibernate.jpa.internal.util.LogHelper  : HHH000204: Processing PersistenceUnitInfo [name: default]
2023-03-03 10:26:36.776  INFO 41340 --- [main] org.hibernate.Version                    : HHH000412: Hibernate ORM core version 5.6.15.Final
2023-03-03 10:26:37.073  INFO 41340 --- [main] o.hibernate.annotations.common.Version   : HCANN000001: Hibernate Commons Annotations {5.1.2.Final}
2023-03-03 10:26:37.250  INFO 41340 --- [main] com.zaxxer.hikari.HikariDataSource       : HikariPool-1 - Starting...
2023-03-03 10:26:38.187  INFO 41340 --- [main] com.zaxxer.hikari.HikariDataSource       : HikariPool-1 - Start completed.
2023-03-03 10:26:38.233  INFO 41340 --- [main] org.hibernate.dialect.Dialect            : HHH000400: Using dialect: org.hibernate.dialect.MySQL5InnoDBDialect
2023-03-03 10:26:40.152  INFO 41340 --- [main] o.h.e.t.j.p.i.JtaPlatformInitiator       : HHH000490: Using JtaPlatform implementation: [org.hibernate.engine.transaction.jta.platform.internal.NoJtaPlatform]
2023-03-03 10:26:40.184  INFO 41340 --- [main] j.LocalContainerEntityManagerFactoryBean : Initialized JPA EntityManagerFactory for persistence unit 'default'
2023-03-03 10:26:40.910  WARN 41340 --- [main] JpaBaseConfiguration$JpaWebConfiguration : spring.jpa.open-in-view is enabled by default. Therefore, database queries may be performed during view rendering. Explicitly configure spring.jpa.open-in-view to disable this warning
2023-03-03 10:26:41.749  INFO 41340 --- [main] o.s.b.w.embedded.tomcat.TomcatWebServer  : Tomcat started on port(s): 8080 (http) with context path ''
2023-03-03 10:26:41.773  INFO 41340 --- [main] com.yash.ems.PocTaskApplication          : Started PocTaskApplication in 7.946 seconds (JVM running for 9.211)
2023-03-03 10:27:05.541  INFO 41340 --- [http-nio-8080-exec-2] o.a.c.c.C.[Tomcat].[localhost].[/]       : Initializing Spring DispatcherServlet 'dispatcherServlet'
2023-03-03 10:27:05.542  INFO 41340 --- [http-nio-8080-exec-2] o.s.web.servlet.DispatcherServlet        : Initializing Servlet 'dispatcherServlet'
2023-03-03 10:27:05.544  INFO 41340 --- [http-nio-8080-exec-2] o.s.web.servlet.DispatcherServlet        : Completed initialization in 2 ms
2023-03-03 10:27:05.748  INFO 41340 --- [http-nio-8080-exec-2] c.y.e.c.EmployeeFeedbackController       : savEmployeeFeedback() called
2023-03-03 10:27:05.748  INFO 41340 --- [http-nio-8080-exec-2] c.yash.ems.service.FeedbackServiceImpl   : savEmployeeFeedback() called
2023-03-03 10:27:33.590  INFO 41340 --- [RMI TCP Connection(6)-127.0.0.1] inMXBeanRegistrar$SpringApplicationAdmin : Application shutdown requested.
2023-03-03 10:27:33.657  INFO 41340 --- [RMI TCP Connection(6)-127.0.0.1] o.apache.catalina.core.StandardService   : Stopping service [Tomcat]
2023-03-03 10:27:33.663  INFO 41340 --- [RMI TCP Connection(6)-127.0.0.1] o.a.c.c.C.[Tomcat].[localhost].[/]       : Destroying Spring FrameworkServlet 'dispatcherServlet'
2023-03-03 10:27:33.690  INFO 41340 --- [RMI TCP Connection(6)-127.0.0.1] j.LocalContainerEntityManagerFactoryBean : Closing JPA EntityManagerFactory for persistence unit 'default'
2023-03-03 10:27:33.705  INFO 41340 --- [RMI TCP Connection(6)-127.0.0.1] com.zaxxer.hikari.HikariDataSource       : HikariPool-1 - Shutdown initiated...
2023-03-03 10:27:33.731  INFO 41340 --- [RMI TCP Connection(6)-127.0.0.1] com.zaxxer.hikari.HikariDataSource       : HikariPool-1 - Shutdown completed.
